<?xml version="1.0" encoding="UTF-8"?>
<testng-results ignored="0" total="2" passed="2" failed="0" skipped="0">
  <reporter-output>
  </reporter-output>
  <suite started-at="2025-04-08T14:07:30 IST" name="Default suite" finished-at="2025-04-08T14:07:43 IST" duration-ms="13202">
    <groups>
    </groups>
    <test started-at="2025-04-08T14:07:30 IST" name="Default test" finished-at="2025-04-08T14:07:43 IST" duration-ms="13202">
      <class name="Selenium.Naukri.Introduction">
        <test-method signature="naukriLogin(java.lang.String,java.lang.String)[pri:0, instance:Selenium.Naukri.Introduction@7ac2e39b]" started-at="2025-04-08T14:07:30 IST" name="naukriLogin" data-provider="getData" finished-at="2025-04-08T14:07:36 IST" duration-ms="6628" status="PASS">
          <params>
            <param index="0">
              <value>
                <![CDATA[shahulshaik1a5@gmail.com]]>
              </value>
            </param>
            <param index="1">
              <value>
                <![CDATA[Shahul@1234]]>
              </value>
            </param>
          </params>
          <reporter-output>
          </reporter-output>
        </test-method> <!-- naukriLogin -->
        <test-method is-config="true" signature="logout()[pri:0, instance:Selenium.Naukri.Introduction@7ac2e39b]" started-at="2025-04-08T14:07:36 IST" name="logout" finished-at="2025-04-08T14:07:38 IST" duration-ms="2184" status="PASS">
          <reporter-output>
          </reporter-output>
        </test-method> <!-- logout -->
        <test-method signature="naukriLogin(java.lang.String,java.lang.String)[pri:0, instance:Selenium.Naukri.Introduction@7ac2e39b]" started-at="2025-04-08T14:07:38 IST" name="naukriLogin" data-provider="getData" finished-at="2025-04-08T14:07:41 IST" duration-ms="2453" status="PASS">
          <params>
            <param index="0">
              <value>
                <![CDATA[shahulshaik1a5@gmail.com]]>
              </value>
            </param>
            <param index="1">
              <value>
                <![CDATA[Shahul@1234]]>
              </value>
            </param>
          </params>
          <reporter-output>
          </reporter-output>
        </test-method> <!-- naukriLogin -->
        <test-method is-config="true" signature="logout()[pri:0, instance:Selenium.Naukri.Introduction@7ac2e39b]" started-at="2025-04-08T14:07:41 IST" name="logout" finished-at="2025-04-08T14:07:43 IST" duration-ms="1844" status="PASS">
          <reporter-output>
          </reporter-output>
        </test-method> <!-- logout -->
      </class> <!-- Selenium.Naukri.Introduction -->
    </test> <!-- Default test -->
  </suite> <!-- Default suite -->
</testng-results>
